# JRE version: OpenJDK Runtime Environment Temurin-21.0.10+7 (21.0.10+7) (build 21.0.10+7-LTS)
# Java VM: OpenJDK 64-Bit Server VM Temurin-21.0.10+7 (21.0.10+7-LTS, mixed mode, sharing, tiered, compressed oops, compressed class ptrs, parallel gc, windows-amd64)
GC Precious Log:
 CardTable entry size: 512
 CPUs: 8 total, 8 available
 Memory: 7876M
 Large Page Support: Disabled
 NUMA Support: Disabled
 Compressed Oops: Enabled (32-bit)
 Alignments: Space 512K, Generation 512K, Heap 2M
 Heap Min Capacity: 100M
 Heap Initial Capacity: 100M
 Heap Max Capacity: 2G
 Pre-touch: Disabled
 Parallel Workers: 8
Heap:
 PSYoungGen      total 15360K, used 13747K [0x00000000d5580000, 0x00000000d6780000, 0x0000000100000000)
  eden space 14336K, 92% used [0x00000000d5580000,0x00000000d626ce00,0x00000000d6380000)
  from space 1024K, 50% used [0x00000000d6580000,0x00000000d6600020,0x00000000d6680000)
  to   space 1024K, 0% used [0x00000000d6680000,0x00000000d6680000,0x00000000d6780000)
 ParOldGen       total 201216K, used 198520K [0x0000000080000000, 0x000000008c480000, 0x00000000d5580000)
  object space 201216K, 98% used [0x0000000080000000,0x000000008c1de240,0x000000008c480000)
 Metaspace       used 67425K, committed 68928K, reserved 1114112K
  class space    used 7047K, committed 7680K, reserved 1048576K
GC Heap History (20 events):
Event: 53.004 GC heap before
{Heap before GC invocations=65 (full 3):
 PSYoungGen      total 19968K, used 18528K [0x00000000d5580000, 0x00000000d6b00000, 0x0000000100000000)
  eden space 17920K, 100% used [0x00000000d5580000,0x00000000d6700000,0x00000000d6700000)
  from space 2048K, 29% used [0x00000000d6700000,0x00000000d6798000,0x00000000d6900000)
  to   space 1024K, 0% used [0x00000000d6a00000,0x00000000d6a00000,0x00000000d6b00000)
 ParOldGen       total 75776K, used 75287K [0x0000000080000000, 0x0000000084a00000, 0x00000000d5580000)
  object space 75776K, 99% used [0x0000000080000000,0x0000000084985e48,0x0000000084a00000)
 Metaspace       used 65913K, committed 67456K, reserved 1114112K
  class space    used 6927K, committed 7552K, reserved 1048576K
}
Event: 53.008 GC heap after
{Heap after GC invocations=65 (full 3):
 PSYoungGen      total 18944K, used 576K [0x00000000d5580000, 0x00000000d6b00000, 0x0000000100000000)
  eden space 17920K, 0% used [0x00000000d5580000,0x00000000d5580000,0x00000000d6700000)
  from space 1024K, 56% used [0x00000000d6a00000,0x00000000d6a90000,0x00000000d6b00000)
  to   space 1024K, 0% used [0x00000000d6900000,0x00000000d6900000,0x00000000d6a00000)
 ParOldGen       total 75776K, used 75767K [0x0000000080000000, 0x0000000084a00000, 0x00000000d5580000)
  object space 75776K, 99% used [0x0000000080000000,0x00000000849fde68,0x0000000084a00000)
 Metaspace       used 65913K, committed 67456K, reserved 1114112K
  class space    used 6927K, committed 7552K, reserved 1048576K
}
Event: 53.162 GC heap before
{Heap before GC invocations=66 (full 3):
 PSYoungGen      total 18944K, used 18496K [0x00000000d5580000, 0x00000000d6b00000, 0x0000000100000000)
  eden space 17920K, 100% used [0x00000000d5580000,0x00000000d6700000,0x00000000d6700000)
  from space 1024K, 56% used [0x00000000d6a00000,0x00000000d6a90000,0x00000000d6b00000)
  to   space 1024K, 0% used [0x00000000d6900000,0x00000000d6900000,0x00000000d6a00000)
 ParOldGen       total 75776K, used 75767K [0x0000000080000000, 0x0000000084a00000, 0x00000000d5580000)
  object space 75776K, 99% used [0x0000000080000000,0x00000000849fde68,0x0000000084a00000)
 Metaspace       used 65945K, committed 67456K, reserved 1114112K
  class space    used 6930K, committed 7552K, reserved 1048576K
}
Event: 53.165 GC heap after
{Heap after GC invocations=66 (full 3):
 PSYoungGen      total 18944K, used 621K [0x00000000d5580000, 0x00000000d6a80000, 0x0000000100000000)
  eden space 17920K, 0% used [0x00000000d5580000,0x00000000d5580000,0x00000000d6700000)
  from space 1024K, 60% used [0x00000000d6900000,0x00000000d699b4e0,0x00000000d6a00000)
  to   space 512K, 0% used [0x00000000d6a00000,0x00000000d6a00000,0x00000000d6a80000)
 ParOldGen       total 76288K, used 76143K [0x0000000080000000, 0x0000000084a80000, 0x00000000d5580000)
  object space 76288K, 99% used [0x0000000080000000,0x0000000084a5be68,0x0000000084a80000)
 Metaspace       used 65945K, committed 67456K, reserved 1114112K
  class space    used 6930K, committed 7552K, reserved 1048576K
}
Event: 53.360 GC heap before
{Heap before GC invocations=67 (full 3):
 PSYoungGen      total 18944K, used 18541K [0x00000000d5580000, 0x00000000d6a80000, 0x0000000100000000)
  eden space 17920K, 100% used [0x00000000d5580000,0x00000000d6700000,0x00000000d6700000)
  from space 1024K, 60% used [0x00000000d6900000,0x00000000d699b4e0,0x00000000d6a00000)
  to   space 512K, 0% used [0x00000000d6a00000,0x00000000d6a00000,0x00000000d6a80000)
 ParOldGen       total 76288K, used 76143K [0x0000000080000000, 0x0000000084a80000, 0x00000000d5580000)
  object space 76288K, 99% used [0x0000000080000000,0x0000000084a5be68,0x0000000084a80000)
 Metaspace       used 65945K, committed 67456K, reserved 1114112K
  class space    used 6930K, committed 7552K, reserved 1048576K
}
Event: 53.363 GC heap after
{Heap after GC invocations=67 (full 3):
 PSYoungGen      total 18432K, used 512K [0x00000000d5580000, 0x00000000d6a80000, 0x0000000100000000)
  eden space 17920K, 0% used [0x00000000d5580000,0x00000000d5580000,0x00000000d6700000)
  from space 512K, 100% used [0x00000000d6a00000,0x00000000d6a80000,0x00000000d6a80000)
  to   space 1024K, 0% used [0x00000000d6880000,0x00000000d6880000,0x00000000d6980000)
 ParOldGen       total 76800K, used 76535K [0x0000000080000000, 0x0000000084b00000, 0x00000000d5580000)
  object space 76800K, 99% used [0x0000000080000000,0x0000000084abde68,0x0000000084b00000)
 Metaspace       used 65945K, committed 67456K, reserved 1114112K
  class space    used 6930K, committed 7552K, reserved 1048576K
}
Event: 53.612 GC heap before
{Heap before GC invocations=68 (full 3):
 PSYoungGen      total 18432K, used 18432K [0x00000000d5580000, 0x00000000d6a80000, 0x0000000100000000)
  eden space 17920K, 100% used [0x00000000d5580000,0x00000000d6700000,0x00000000d6700000)
  from space 512K, 100% used [0x00000000d6a00000,0x00000000d6a80000,0x00000000d6a80000)
  to   space 1024K, 0% used [0x00000000d6880000,0x00000000d6880000,0x00000000d6980000)
 ParOldGen       total 76800K, used 76535K [0x0000000080000000, 0x0000000084b00000, 0x00000000d5580000)
  object space 76800K, 99% used [0x0000000080000000,0x0000000084abde68,0x0000000084b00000)
 Metaspace       used 65946K, committed 67456K, reserved 1114112K
  class space    used 6930K, committed 7552K, reserved 1048576K
}
Event: 53.617 GC heap after
{Heap after GC invocations=68 (full 3):
 PSYoungGen      total 18944K, used 619K [0x00000000d5580000, 0x00000000d6a80000, 0x0000000100000000)
  eden space 17920K, 0% used [0x00000000d5580000,0x00000000d5580000,0x00000000d6700000)
  from space 1024K, 60% used [0x00000000d6880000,0x00000000d691af40,0x00000000d6980000)
  to   space 1024K, 0% used [0x00000000d6980000,0x00000000d6980000,0x00000000d6a80000)
 ParOldGen       total 77312K, used 76935K [0x0000000080000000, 0x0000000084b80000, 0x00000000d5580000)
  object space 77312K, 99% used [0x0000000080000000,0x0000000084b21e68,0x0000000084b80000)
 Metaspace       used 65946K, committed 67456K, reserved 1114112K
  class space    used 6930K, committed 7552K, reserved 1048576K
}
Event: 53.870 GC heap before
{Heap before GC invocations=69 (full 3):
 PSYoungGen      total 18944K, used 18539K [0x00000000d5580000, 0x00000000d6a80000, 0x0000000100000000)
  eden space 17920K, 100% used [0x00000000d5580000,0x00000000d6700000,0x00000000d6700000)
  from space 1024K, 60% used [0x00000000d6880000,0x00000000d691af40,0x00000000d6980000)
  to   space 1024K, 0% used [0x00000000d6980000,0x00000000d6980000,0x00000000d6a80000)
 ParOldGen       total 77312K, used 76935K [0x0000000080000000, 0x0000000084b80000, 0x00000000d5580000)
  object space 77312K, 99% used [0x0000000080000000,0x0000000084b21e68,0x0000000084b80000)
 Metaspace       used 65957K, committed 67456K, reserved 1114112K
  class space    used 6930K, committed 7552K, reserved 1048576K
}
Event: 53.875 GC heap after
{Heap after GC invocations=69 (full 3):
 PSYoungGen      total 18944K, used 639K [0x00000000d5580000, 0x00000000d6a80000, 0x0000000100000000)
  eden space 17920K, 0% used [0x00000000d5580000,0x00000000d5580000,0x00000000d6700000)
  from space 1024K, 62% used [0x00000000d6980000,0x00000000d6a1ffa0,0x00000000d6a80000)
  to   space 1024K, 0% used [0x00000000d6880000,0x00000000d6880000,0x00000000d6980000)
 ParOldGen       total 78336K, used 78087K [0x0000000080000000, 0x0000000084c80000, 0x00000000d5580000)
  object space 78336K, 99% used [0x0000000080000000,0x0000000084c41e68,0x0000000084c80000)
 Metaspace       used 65957K, committed 67456K, reserved 1114112K
  class space    used 6930K, committed 7552K, reserved 1048576K
}
Event: 54.242 GC heap before
{Heap before GC invocations=70 (full 3):
 PSYoungGen      total 18944K, used 18559K [0x00000000d5580000, 0x00000000d6a80000, 0x0000000100000000)
  eden space 17920K, 100% used [0x00000000d5580000,0x00000000d6700000,0x00000000d6700000)
  from space 1024K, 62% used [0x00000000d6980000,0x00000000d6a1ffa0,0x00000000d6a80000)
  to   space 1024K, 0% used [0x00000000d6880000,0x00000000d6880000,0x00000000d6980000)
 ParOldGen       total 78336K, used 78087K [0x0000000080000000, 0x0000000084c80000, 0x00000000d5580000)
  object space 78336K, 99% used [0x0000000080000000,0x0000000084c41e68,0x0000000084c80000)
 Metaspace       used 66098K, committed 67584K, reserved 1114112K
  class space    used 6942K, committed 7552K, reserved 1048576K
}
Event: 54.246 GC heap after
{Heap after GC invocations=70 (full 3):
 PSYoungGen      total 18432K, used 448K [0x00000000d5580000, 0x00000000d6a00000, 0x0000000100000000)
  eden space 17920K, 0% used [0x00000000d5580000,0x00000000d5580000,0x00000000d6700000)
  from space 512K, 87% used [0x00000000d6880000,0x00000000d68f0000,0x00000000d6900000)
  to   space 1024K, 0% used [0x00000000d6900000,0x00000000d6900000,0x00000000d6a00000)
 ParOldGen       total 78848K, used 78527K [0x0000000080000000, 0x0000000084d00000, 0x00000000d5580000)
  object space 78848K, 99% used [0x0000000080000000,0x0000000084cafe68,0x0000000084d00000)
 Metaspace       used 66098K, committed 67584K, reserved 1114112K
  class space    used 6942K, committed 7552K, reserved 1048576K
}
Event: 132.146 GC heap before
{Heap before GC invocations=71 (full 3):
 PSYoungGen      total 18432K, used 18368K [0x00000000d5580000, 0x00000000d6a00000, 0x0000000100000000)
  eden space 17920K, 100% used [0x00000000d5580000,0x00000000d6700000,0x00000000d6700000)
  from space 512K, 87% used [0x00000000d6880000,0x00000000d68f0000,0x00000000d6900000)
  to   space 1024K, 0% used [0x00000000d6900000,0x00000000d6900000,0x00000000d6a00000)
 ParOldGen       total 78848K, used 78527K [0x0000000080000000, 0x0000000084d00000, 0x00000000d5580000)
  object space 78848K, 99% used [0x0000000080000000,0x0000000084cafe68,0x0000000084d00000)
 Metaspace       used 66968K, committed 68480K, reserved 1114112K
  class space    used 7035K, committed 7680K, reserved 1048576K
}
Event: 132.155 GC heap after
{Heap after GC invocations=71 (full 3):
 PSYoungGen      total 15360K, used 1012K [0x00000000d5580000, 0x00000000d7200000, 0x0000000100000000)
  eden space 14336K, 0% used [0x00000000d5580000,0x00000000d5580000,0x00000000d6380000)
  from space 1024K, 98% used [0x00000000d6900000,0x00000000d69fd290,0x00000000d6a00000)
  to   space 5632K, 0% used [0x00000000d6380000,0x00000000d6380000,0x00000000d6900000)
 ParOldGen       total 82432K, used 82371K [0x0000000080000000, 0x0000000085080000, 0x00000000d5580000)
  object space 82432K, 99% used [0x0000000080000000,0x0000000085070d48,0x0000000085080000)
 Metaspace       used 66968K, committed 68480K, reserved 1114112K
  class space    used 7035K, committed 7680K, reserved 1048576K
}
Event: 133.599 GC heap before
{Heap before GC invocations=72 (full 3):
 PSYoungGen      total 15360K, used 15348K [0x00000000d5580000, 0x00000000d7200000, 0x0000000100000000)
  eden space 14336K, 100% used [0x00000000d5580000,0x00000000d6380000,0x00000000d6380000)
  from space 1024K, 98% used [0x00000000d6900000,0x00000000d69fd290,0x00000000d6a00000)
  to   space 5632K, 0% used [0x00000000d6380000,0x00000000d6380000,0x00000000d6900000)
 ParOldGen       total 105984K, used 105411K [0x0000000080000000, 0x0000000086780000, 0x00000000d5580000)
  object space 105984K, 99% used [0x0000000080000000,0x00000000866f0d68,0x0000000086780000)
 Metaspace       used 67108K, committed 68608K, reserved 1114112K
  class space    used 7041K, committed 7680K, reserved 1048576K
}
Event: 133.604 GC heap after
{Heap after GC invocations=72 (full 3):
 PSYoungGen      total 15360K, used 896K [0x00000000d5580000, 0x00000000d6980000, 0x0000000100000000)
  eden space 14336K, 0% used [0x00000000d5580000,0x00000000d5580000,0x00000000d6380000)
  from space 1024K, 87% used [0x00000000d6380000,0x00000000d6460000,0x00000000d6480000)
  to   space 2560K, 0% used [0x00000000d6700000,0x00000000d6700000,0x00000000d6980000)
 ParOldGen       total 105984K, used 105549K [0x0000000080000000, 0x0000000086780000, 0x00000000d5580000)
  object space 105984K, 99% used [0x0000000080000000,0x0000000086713748,0x0000000086780000)
 Metaspace       used 67108K, committed 68608K, reserved 1114112K
  class space    used 7041K, committed 7680K, reserved 1048576K
}
Event: 143.170 GC heap before
{Heap before GC invocations=73 (full 3):
 PSYoungGen      total 15360K, used 15232K [0x00000000d5580000, 0x00000000d6980000, 0x0000000100000000)
  eden space 14336K, 100% used [0x00000000d5580000,0x00000000d6380000,0x00000000d6380000)
  from space 1024K, 87% used [0x00000000d6380000,0x00000000d6460000,0x00000000d6480000)
  to   space 2560K, 0% used [0x00000000d6700000,0x00000000d6700000,0x00000000d6980000)
 ParOldGen       total 137728K, used 136269K [0x0000000080000000, 0x0000000088680000, 0x00000000d5580000)
  object space 137728K, 98% used [0x0000000080000000,0x0000000088513778,0x0000000088680000)
 Metaspace       used 67252K, committed 68800K, reserved 1114112K
  class space    used 7046K, committed 7680K, reserved 1048576K
}
Event: 143.175 GC heap after
{Heap after GC invocations=73 (full 3):
 PSYoungGen      total 14848K, used 384K [0x00000000d5580000, 0x00000000d6780000, 0x0000000100000000)
  eden space 14336K, 0% used [0x00000000d5580000,0x00000000d5580000,0x00000000d6380000)
  from space 512K, 75% used [0x00000000d6700000,0x00000000d6760000,0x00000000d6780000)
  to   space 1024K, 0% used [0x00000000d6580000,0x00000000d6580000,0x00000000d6680000)
 ParOldGen       total 137728K, used 136968K [0x0000000080000000, 0x0000000088680000, 0x00000000d5580000)
  object space 137728K, 99% used [0x0000000080000000,0x00000000885c21e0,0x0000000088680000)
 Metaspace       used 67252K, committed 68800K, reserved 1114112K
  class space    used 7046K, committed 7680K, reserved 1048576K
}
Event: 150.251 GC heap before
{Heap before GC invocations=74 (full 3):
 PSYoungGen      total 14848K, used 14720K [0x00000000d5580000, 0x00000000d6780000, 0x0000000100000000)
  eden space 14336K, 100% used [0x00000000d5580000,0x00000000d6380000,0x00000000d6380000)
  from space 512K, 75% used [0x00000000d6700000,0x00000000d6760000,0x00000000d6780000)
  to   space 1024K, 0% used [0x00000000d6580000,0x00000000d6580000,0x00000000d6680000)
 ParOldGen       total 169472K, used 167688K [0x0000000080000000, 0x000000008a580000, 0x00000000d5580000)
  object space 169472K, 98% used [0x0000000080000000,0x000000008a3c2210,0x000000008a580000)
 Metaspace       used 67327K, committed 68864K, reserved 1114112K
  class space    used 7047K, committed 7680K, reserved 1048576K
}
Event: 150.256 GC heap after
{Heap after GC invocations=74 (full 3):
 PSYoungGen      total 15360K, used 512K [0x00000000d5580000, 0x00000000d6780000, 0x0000000100000000)
  eden space 14336K, 0% used [0x00000000d5580000,0x00000000d5580000,0x00000000d6380000)
  from space 1024K, 50% used [0x00000000d6580000,0x00000000d6600020,0x00000000d6680000)
  to   space 1024K, 0% used [0x00000000d6680000,0x00000000d6680000,0x00000000d6780000)
 ParOldGen       total 169472K, used 167800K [0x0000000080000000, 0x000000008a580000, 0x00000000d5580000)
  object space 169472K, 99% used [0x0000000080000000,0x000000008a3de210,0x000000008a580000)
 Metaspace       used 67327K, committed 68864K, reserved 1114112K
  class space    used 7047K, committed 7680K, reserved 1048576K
}

